[15-Oct-2019 02:49:27 UTC] PHP Parse error:  syntax error, unexpected '<', expecting end of file in phar:///usr/local/bin/wp/vendor/rmccue/requests/library/Requests.php on line 257
[15-Oct-2019 02:49:27 UTC] PHP Parse error:  syntax error, unexpected '<', expecting end of file in phar:///usr/local/bin/wp/vendor/rmccue/requests/library/Requests.php on line 257
[16-Oct-2019 16:42:31 UTC] PHP Warning:  An unexpected error occurred. Something may be wrong with WordPress.org or this server&#8217;s configuration. If you continue to have problems, please try the <a href="https://wordpress.org/support/">support forums</a>. (WordPress could not establish a secure connection to WordPress.org. Please contact your server administrator.) in /app/public/wp-includes/update.php on line 160
[16-Oct-2019 16:42:31 UTC] PHP Stack trace:
[16-Oct-2019 16:42:31 UTC] PHP   1. {main}() /app/public/wp-cron.php:0
[16-Oct-2019 16:42:31 UTC] PHP   2. do_action_ref_array() /app/public/wp-cron.php:133
[16-Oct-2019 16:42:31 UTC] PHP   3. WP_Hook->do_action() /app/public/wp-includes/plugin.php:531
[16-Oct-2019 16:42:31 UTC] PHP   4. WP_Hook->apply_filters() /app/public/wp-includes/class-wp-hook.php:310
[16-Oct-2019 16:42:31 UTC] PHP   5. wp_version_check() /app/public/wp-includes/class-wp-hook.php:286
[16-Oct-2019 16:42:31 UTC] PHP   6. trigger_error() /app/public/wp-includes/update.php:160
[16-Oct-2019 16:42:31 UTC] PHP Warning:  An unexpected error occurred. Something may be wrong with WordPress.org or this server&#8217;s configuration. If you continue to have problems, please try the <a href="https://wordpress.org/support/">support forums</a>. (WordPress could not establish a secure connection to WordPress.org. Please contact your server administrator.) in /app/public/wp-includes/update.php on line 384
[16-Oct-2019 16:42:31 UTC] PHP Stack trace:
[16-Oct-2019 16:42:31 UTC] PHP   1. {main}() /app/public/wp-cron.php:0
[16-Oct-2019 16:42:31 UTC] PHP   2. do_action_ref_array() /app/public/wp-cron.php:133
[16-Oct-2019 16:42:31 UTC] PHP   3. WP_Hook->do_action() /app/public/wp-includes/plugin.php:531
[16-Oct-2019 16:42:31 UTC] PHP   4. WP_Hook->apply_filters() /app/public/wp-includes/class-wp-hook.php:310
[16-Oct-2019 16:42:31 UTC] PHP   5. wp_update_plugins() /app/public/wp-includes/class-wp-hook.php:286
[16-Oct-2019 16:42:31 UTC] PHP   6. trigger_error() /app/public/wp-includes/update.php:384
[16-Oct-2019 16:42:31 UTC] PHP Warning:  An unexpected error occurred. Something may be wrong with WordPress.org or this server&#8217;s configuration. If you continue to have problems, please try the <a href="https://wordpress.org/support/">support forums</a>. (WordPress could not establish a secure connection to WordPress.org. Please contact your server administrator.) in /app/public/wp-includes/update.php on line 569
[16-Oct-2019 16:42:31 UTC] PHP Stack trace:
[16-Oct-2019 16:42:31 UTC] PHP   1. {main}() /app/public/wp-cron.php:0
[16-Oct-2019 16:42:31 UTC] PHP   2. do_action_ref_array() /app/public/wp-cron.php:133
[16-Oct-2019 16:42:31 UTC] PHP   3. WP_Hook->do_action() /app/public/wp-includes/plugin.php:531
[16-Oct-2019 16:42:31 UTC] PHP   4. WP_Hook->apply_filters() /app/public/wp-includes/class-wp-hook.php:310
[16-Oct-2019 16:42:31 UTC] PHP   5. wp_update_themes() /app/public/wp-includes/class-wp-hook.php:286
[16-Oct-2019 16:42:31 UTC] PHP   6. trigger_error() /app/public/wp-includes/update.php:569
[16-Oct-2019 16:42:52 UTC] PHP Warning:  An unexpected error occurred. Something may be wrong with WordPress.org or this server&#8217;s configuration. If you continue to have problems, please try the <a href="https://wordpress.org/support/">support forums</a>. (WordPress could not establish a secure connection to WordPress.org. Please contact your server administrator.) in /app/public/wp-admin/includes/plugin-install.php on line 180
[16-Oct-2019 16:42:52 UTC] PHP Stack trace:
[16-Oct-2019 16:42:52 UTC] PHP   1. {main}() /app/public/wp-admin/themes.php:0
[16-Oct-2019 16:42:52 UTC] PHP   2. require_once() /app/public/wp-admin/themes.php:10
[16-Oct-2019 16:42:52 UTC] PHP   3. do_action() /app/public/wp-admin/admin.php:253
[16-Oct-2019 16:42:52 UTC] PHP   4. WP_Hook->do_action() /app/public/wp-includes/plugin.php:465
[16-Oct-2019 16:42:52 UTC] PHP   5. WP_Hook->apply_filters() /app/public/wp-includes/class-wp-hook.php:310
[16-Oct-2019 16:42:52 UTC] PHP   6. TGM_Plugin_Activation->install_plugins_page() /app/public/wp-includes/class-wp-hook.php:286
[16-Oct-2019 16:42:52 UTC] PHP   7. TGM_Plugin_Activation->do_plugin_install() /app/public/wp-content/themes/alpha/lib/class-tgm-plugin-activation.php:743
[16-Oct-2019 16:42:52 UTC] PHP   8. TGM_Plugin_Activation->get_download_url() /app/public/wp-content/themes/alpha/lib/class-tgm-plugin-activation.php:842
[16-Oct-2019 16:42:52 UTC] PHP   9. TGM_Plugin_Activation->get_wp_repo_download_url() /app/public/wp-content/themes/alpha/lib/class-tgm-plugin-activation.php:1598
[16-Oct-2019 16:42:52 UTC] PHP  10. TGM_Plugin_Activation->get_plugins_api() /app/public/wp-content/themes/alpha/lib/class-tgm-plugin-activation.php:1618
[16-Oct-2019 16:42:52 UTC] PHP  11. plugins_api() /app/public/wp-content/themes/alpha/lib/class-tgm-plugin-activation.php:1643
[16-Oct-2019 16:42:52 UTC] PHP  12. trigger_error() /app/public/wp-admin/includes/plugin-install.php:180
[16-Oct-2019 16:44:59 UTC] PHP Warning:  An unexpected error occurred. Something may be wrong with WordPress.org or this server&#8217;s configuration. If you continue to have problems, please try the <a href="https://wordpress.org/support/">support forums</a>. (WordPress could not establish a secure connection to WordPress.org. Please contact your server administrator.) in /app/public/wp-includes/update.php on line 384
[16-Oct-2019 16:44:59 UTC] PHP Stack trace:
[16-Oct-2019 16:44:59 UTC] PHP   1. {main}() /app/public/wp-admin/themes.php:0
[16-Oct-2019 16:44:59 UTC] PHP   2. require_once() /app/public/wp-admin/themes.php:10
[16-Oct-2019 16:44:59 UTC] PHP   3. do_action() /app/public/wp-admin/admin.php:253
[16-Oct-2019 16:44:59 UTC] PHP   4. WP_Hook->do_action() /app/public/wp-includes/plugin.php:465
[16-Oct-2019 16:44:59 UTC] PHP   5. WP_Hook->apply_filters() /app/public/wp-includes/class-wp-hook.php:310
[16-Oct-2019 16:44:59 UTC] PHP   6. TGM_Plugin_Activation->install_plugins_page() /app/public/wp-includes/class-wp-hook.php:286
[16-Oct-2019 16:44:59 UTC] PHP   7. TGM_Plugin_Activation->do_plugin_install() /app/public/wp-content/themes/alpha/lib/class-tgm-plugin-activation.php:743
[16-Oct-2019 16:44:59 UTC] PHP   8. Plugin_Upgrader->install() /app/public/wp-content/themes/alpha/lib/class-tgm-plugin-activation.php:891
[16-Oct-2019 16:44:59 UTC] PHP   9. Plugin_Upgrader->run() /app/public/wp-admin/includes/class-plugin-upgrader.php:108
[16-Oct-2019 16:44:59 UTC] PHP  10. do_action() /app/public/wp-admin/includes/class-wp-upgrader.php:835
[16-Oct-2019 16:44:59 UTC] PHP  11. WP_Hook->do_action() /app/public/wp-includes/plugin.php:465
[16-Oct-2019 16:44:59 UTC] PHP  12. WP_Hook->apply_filters() /app/public/wp-includes/class-wp-hook.php:310
[16-Oct-2019 16:44:59 UTC] PHP  13. wp_update_plugins() /app/public/wp-includes/class-wp-hook.php:284
[16-Oct-2019 16:44:59 UTC] PHP  14. trigger_error() /app/public/wp-includes/update.php:384
[17-Oct-2019 15:00:08 UTC] PHP Warning:  An unexpected error occurred. Something may be wrong with WordPress.org or this server&#8217;s configuration. If you continue to have problems, please try the <a href="https://wordpress.org/support/">support forums</a>. (WordPress could not establish a secure connection to WordPress.org. Please contact your server administrator.) in /app/public/wp-includes/update.php on line 160
[17-Oct-2019 15:00:08 UTC] PHP Stack trace:
[17-Oct-2019 15:00:08 UTC] PHP   1. {main}() /app/public/wp-cron.php:0
[17-Oct-2019 15:00:08 UTC] PHP   2. do_action_ref_array() /app/public/wp-cron.php:133
[17-Oct-2019 15:00:08 UTC] PHP   3. WP_Hook->do_action() /app/public/wp-includes/plugin.php:531
[17-Oct-2019 15:00:08 UTC] PHP   4. WP_Hook->apply_filters() /app/public/wp-includes/class-wp-hook.php:310
[17-Oct-2019 15:00:08 UTC] PHP   5. wp_version_check() /app/public/wp-includes/class-wp-hook.php:286
[17-Oct-2019 15:00:08 UTC] PHP   6. trigger_error() /app/public/wp-includes/update.php:160
[17-Oct-2019 15:00:08 UTC] PHP Warning:  An unexpected error occurred. Something may be wrong with WordPress.org or this server&#8217;s configuration. If you continue to have problems, please try the <a href="https://wordpress.org/support/">support forums</a>. (WordPress could not establish a secure connection to WordPress.org. Please contact your server administrator.) in /app/public/wp-includes/update.php on line 384
[17-Oct-2019 15:00:08 UTC] PHP Stack trace:
[17-Oct-2019 15:00:08 UTC] PHP   1. {main}() /app/public/wp-cron.php:0
[17-Oct-2019 15:00:08 UTC] PHP   2. do_action_ref_array() /app/public/wp-cron.php:133
[17-Oct-2019 15:00:08 UTC] PHP   3. WP_Hook->do_action() /app/public/wp-includes/plugin.php:531
[17-Oct-2019 15:00:08 UTC] PHP   4. WP_Hook->apply_filters() /app/public/wp-includes/class-wp-hook.php:310
[17-Oct-2019 15:00:08 UTC] PHP   5. wp_update_plugins() /app/public/wp-includes/class-wp-hook.php:286
[17-Oct-2019 15:00:08 UTC] PHP   6. trigger_error() /app/public/wp-includes/update.php:384
[17-Oct-2019 15:00:08 UTC] PHP Warning:  An unexpected error occurred. Something may be wrong with WordPress.org or this server&#8217;s configuration. If you continue to have problems, please try the <a href="https://wordpress.org/support/">support forums</a>. (WordPress could not establish a secure connection to WordPress.org. Please contact your server administrator.) in /app/public/wp-includes/update.php on line 569
[17-Oct-2019 15:00:08 UTC] PHP Stack trace:
[17-Oct-2019 15:00:08 UTC] PHP   1. {main}() /app/public/wp-cron.php:0
[17-Oct-2019 15:00:08 UTC] PHP   2. do_action_ref_array() /app/public/wp-cron.php:133
[17-Oct-2019 15:00:08 UTC] PHP   3. WP_Hook->do_action() /app/public/wp-includes/plugin.php:531
[17-Oct-2019 15:00:08 UTC] PHP   4. WP_Hook->apply_filters() /app/public/wp-includes/class-wp-hook.php:310
[17-Oct-2019 15:00:08 UTC] PHP   5. wp_update_themes() /app/public/wp-includes/class-wp-hook.php:286
[17-Oct-2019 15:00:08 UTC] PHP   6. trigger_error() /app/public/wp-includes/update.php:569
